<?xml version="1.0" encoding="UTF-8"?>
<!-- Generated by org.testng.reporters.JUnitXMLReporter -->
<testsuite hostname="SaleJul" ignored="0" name="Default test" tests="4" failures="0" timestamp="2020-01-28T16:39:20 CET" time="42.641" errors="0">
  <testcase name="advancedSearchKeywordsTest" time="8.608" classname="com.qaworld.EBayAdvancedSearch_Sanity"/>
  <testcase name="categoryOptionsInAscendingOrderTest" time="4.512" classname="com.qaworld.EBayAdvancedSearch_Sanity"/>
  <testcase name="ebayLinkLogoNavigatesToHomepageTest" time="5.228" classname="com.qaworld.EBayAdvancedSearch_Sanity"/>
  <testcase name="emptyAdvancedSearchTest" time="11.102" classname="com.qaworld.EBayAdvancedSearch_Sanity"/>
</testsuite> <!-- Default test -->
