<?xml version="1.0" encoding="UTF-8"?>
<!-- Generated by org.testng.reporters.JUnitXMLReporter -->
<testsuite hostname="SaleJul" ignored="0" name="Default test" tests="10" failures="0" timestamp="2020-01-28T20:20:00 CET" time="111.297" errors="0">
  <testcase name="test1" time="15.712" classname="com.qaworld.Navigator"/>
  <testcase name="test1" time="10.247" classname="com.qaworld.Navigator"/>
  <testcase name="test1" time="10.395" classname="com.qaworld.Navigator"/>
  <testcase name="test1" time="10.502" classname="com.qaworld.Navigator"/>
  <testcase name="test1" time="10.721" classname="com.qaworld.Navigator"/>
  <testcase name="test1" time="11.073" classname="com.qaworld.Navigator"/>
  <testcase name="test1" time="10.404" classname="com.qaworld.Navigator"/>
  <testcase name="test1" time="10.41" classname="com.qaworld.Navigator"/>
  <testcase name="test1" time="10.31" classname="com.qaworld.Navigator"/>
  <testcase name="test1" time="10.102" classname="com.qaworld.Navigator"/>
</testsuite> <!-- Default test -->
