<?xml version="1.0" encoding="UTF-8"?>
<!-- Generated by org.testng.reporters.JUnitXMLReporter -->
<testsuite hostname="SaleJul" ignored="0" name="Release 2019.5 Sanity test" tests="5" failures="0" timestamp="2020-01-28T19:23:41 CET" time="83.226" errors="0">
  <testcase name="advancedSearchKeywordsTest" time="10.728" classname="com.qaworld.EBayAdvancedSearch_Sanity"/>
  <testcase name="emptySearchTest" time="16.31" classname="com.qaworld.EBayHomePage_Sanity"/>
  <testcase name="categoryOptionsInAscendingOrderTest" time="5.186" classname="com.qaworld.EBayAdvancedSearch_Sanity"/>
  <testcase name="ebayLinkLogoNavigatesToHomepageTest" time="7.589" classname="com.qaworld.EBayAdvancedSearch_Sanity"/>
  <testcase name="emptyAdvancedSearchTest" time="11.453" classname="com.qaworld.EBayAdvancedSearch_Sanity"/>
</testsuite> <!-- Release 2019.5 Sanity test -->
