<?xml version="1.0" encoding="UTF-8"?>
<!-- Generated by org.testng.reporters.JUnitXMLReporter -->
<testsuite hostname="SaleJul" ignored="0" name="Release 2019.5 Sanity test" tests="5" failures="0" timestamp="2020-01-28T16:16:26 CET" time="99.692" errors="0">
  <testcase name="emptySearchTest" time="11.558" classname="com.qaworld.EBayHomePage_Sanity"/>
  <testcase name="advancedSearchKeywordsTest" time="8.069" classname="com.qaworld.EBayAdvancedSearch_Sanity"/>
  <testcase name="categoryOptionsInAscendingOrderTest" time="5.135" classname="com.qaworld.EBayAdvancedSearch_Sanity"/>
  <testcase name="ebayLinkLogoNavigatesToHomepageTest" time="6.5" classname="com.qaworld.EBayAdvancedSearch_Sanity"/>
  <testcase name="emptyAdvancedSearchTest" time="11.383" classname="com.qaworld.EBayAdvancedSearch_Sanity"/>
</testsuite> <!-- Release 2019.5 Sanity test -->
