<?xml version="1.0" encoding="UTF-8"?>
<testng-results skipped="0" failed="0" ignored="0" total="10" passed="10">
  <reporter-output>
  </reporter-output>
  <suite name="Default suite" duration-ms="111297" started-at="2020-01-28T20:18:09 CET" finished-at="2020-01-28T20:20:00 CET">
    <groups>
    </groups>
    <test name="Default test" duration-ms="111297" started-at="2020-01-28T20:18:09 CET" finished-at="2020-01-28T20:20:00 CET">
      <class name="com.qaworld.Navigator">
        <test-method status="PASS" signature="test1(java.lang.String, java.lang.String, java.lang.String)[pri:0, instance:com.qaworld.Navigator@5e853265]" name="test1" duration-ms="15712" started-at="2020-01-28T20:18:10 CET" data-provider="dataProvider1" finished-at="2020-01-28T20:18:26 CET">
          <params>
            <param index="0">
              <value>
                <![CDATA[Robbie]]>
              </value>
            </param>
            <param index="1">
              <value>
                <![CDATA[Robbie@gmail.com]]>
              </value>
            </param>
            <param index="2">
              <value>
                <![CDATA[password1]]>
              </value>
            </param>
          </params>
          <reporter-output>
          </reporter-output>
        </test-method> <!-- test1 -->
        <test-method status="PASS" signature="test1(java.lang.String, java.lang.String, java.lang.String)[pri:0, instance:com.qaworld.Navigator@5e853265]" name="test1" duration-ms="10247" started-at="2020-01-28T20:18:26 CET" data-provider="dataProvider1" finished-at="2020-01-28T20:18:36 CET">
          <params>
            <param index="0">
              <value>
                <![CDATA[Dan]]>
              </value>
            </param>
            <param index="1">
              <value>
                <![CDATA[Dan@gmail.com]]>
              </value>
            </param>
            <param index="2">
              <value>
                <![CDATA[password2]]>
              </value>
            </param>
          </params>
          <reporter-output>
          </reporter-output>
        </test-method> <!-- test1 -->
        <test-method status="PASS" signature="test1(java.lang.String, java.lang.String, java.lang.String)[pri:0, instance:com.qaworld.Navigator@5e853265]" name="test1" duration-ms="10395" started-at="2020-01-28T20:18:36 CET" data-provider="dataProvider1" finished-at="2020-01-28T20:18:46 CET">
          <params>
            <param index="0">
              <value>
                <![CDATA[Angela]]>
              </value>
            </param>
            <param index="1">
              <value>
                <![CDATA[Angela@gmail.com]]>
              </value>
            </param>
            <param index="2">
              <value>
                <![CDATA[password3]]>
              </value>
            </param>
          </params>
          <reporter-output>
          </reporter-output>
        </test-method> <!-- test1 -->
        <test-method status="PASS" signature="test1(java.lang.String, java.lang.String, java.lang.String)[pri:0, instance:com.qaworld.Navigator@5e853265]" name="test1" duration-ms="10502" started-at="2020-01-28T20:18:46 CET" data-provider="dataProvider1" finished-at="2020-01-28T20:18:57 CET">
          <params>
            <param index="0">
              <value>
                <![CDATA[JosephJoe]]>
              </value>
            </param>
            <param index="1">
              <value>
                <![CDATA[JosephJoe@gmail.com]]>
              </value>
            </param>
            <param index="2">
              <value>
                <![CDATA[password4]]>
              </value>
            </param>
          </params>
          <reporter-output>
          </reporter-output>
        </test-method> <!-- test1 -->
        <test-method status="PASS" signature="test1(java.lang.String, java.lang.String, java.lang.String)[pri:0, instance:com.qaworld.Navigator@5e853265]" name="test1" duration-ms="10721" started-at="2020-01-28T20:18:57 CET" data-provider="dataProvider1" finished-at="2020-01-28T20:19:08 CET">
          <params>
            <param index="0">
              <value>
                <![CDATA[Shakira]]>
              </value>
            </param>
            <param index="1">
              <value>
                <![CDATA[Shakira@gmail.com]]>
              </value>
            </param>
            <param index="2">
              <value>
                <![CDATA[password5]]>
              </value>
            </param>
          </params>
          <reporter-output>
          </reporter-output>
        </test-method> <!-- test1 -->
        <test-method status="PASS" signature="test1(java.lang.String, java.lang.String, java.lang.String)[pri:0, instance:com.qaworld.Navigator@5e853265]" name="test1" duration-ms="11073" started-at="2020-01-28T20:19:08 CET" data-provider="dataProvider1" finished-at="2020-01-28T20:19:19 CET">
          <params>
            <param index="0">
              <value>
                <![CDATA[Michael]]>
              </value>
            </param>
            <param index="1">
              <value>
                <![CDATA[Michael@gmail.com]]>
              </value>
            </param>
            <param index="2">
              <value>
                <![CDATA[password6]]>
              </value>
            </param>
          </params>
          <reporter-output>
          </reporter-output>
        </test-method> <!-- test1 -->
        <test-method status="PASS" signature="test1(java.lang.String, java.lang.String, java.lang.String)[pri:0, instance:com.qaworld.Navigator@5e853265]" name="test1" duration-ms="10404" started-at="2020-01-28T20:19:19 CET" data-provider="dataProvider1" finished-at="2020-01-28T20:19:29 CET">
          <params>
            <param index="0">
              <value>
                <![CDATA[John]]>
              </value>
            </param>
            <param index="1">
              <value>
                <![CDATA[John@gmail.com]]>
              </value>
            </param>
            <param index="2">
              <value>
                <![CDATA[password7]]>
              </value>
            </param>
          </params>
          <reporter-output>
          </reporter-output>
        </test-method> <!-- test1 -->
        <test-method status="PASS" signature="test1(java.lang.String, java.lang.String, java.lang.String)[pri:0, instance:com.qaworld.Navigator@5e853265]" name="test1" duration-ms="10410" started-at="2020-01-28T20:19:29 CET" data-provider="dataProvider1" finished-at="2020-01-28T20:19:39 CET">
          <params>
            <param index="0">
              <value>
                <![CDATA[Anthony]]>
              </value>
            </param>
            <param index="1">
              <value>
                <![CDATA[Anthony@gmail.com]]>
              </value>
            </param>
            <param index="2">
              <value>
                <![CDATA[password8]]>
              </value>
            </param>
          </params>
          <reporter-output>
          </reporter-output>
        </test-method> <!-- test1 -->
        <test-method status="PASS" signature="test1(java.lang.String, java.lang.String, java.lang.String)[pri:0, instance:com.qaworld.Navigator@5e853265]" name="test1" duration-ms="10310" started-at="2020-01-28T20:19:39 CET" data-provider="dataProvider1" finished-at="2020-01-28T20:19:50 CET">
          <params>
            <param index="0">
              <value>
                <![CDATA[Horazzio]]>
              </value>
            </param>
            <param index="1">
              <value>
                <![CDATA[Horazzio@gmail.com]]>
              </value>
            </param>
            <param index="2">
              <value>
                <![CDATA[password9]]>
              </value>
            </param>
          </params>
          <reporter-output>
          </reporter-output>
        </test-method> <!-- test1 -->
        <test-method status="PASS" signature="test1(java.lang.String, java.lang.String, java.lang.String)[pri:0, instance:com.qaworld.Navigator@5e853265]" name="test1" duration-ms="10102" started-at="2020-01-28T20:19:50 CET" data-provider="dataProvider1" finished-at="2020-01-28T20:20:00 CET">
          <params>
            <param index="0">
              <value>
                <![CDATA[Gianna]]>
              </value>
            </param>
            <param index="1">
              <value>
                <![CDATA[Gianna@gmail.com]]>
              </value>
            </param>
            <param index="2">
              <value>
                <![CDATA[password10]]>
              </value>
            </param>
          </params>
          <reporter-output>
          </reporter-output>
        </test-method> <!-- test1 -->
      </class> <!-- com.qaworld.Navigator -->
    </test> <!-- Default test -->
  </suite> <!-- Default suite -->
</testng-results>
