<?xml version="1.0" encoding="UTF-8"?>
<testng-results skipped="0" failed="0" ignored="0" total="1" passed="1">
  <reporter-output>
  </reporter-output>
  <suite name="Default suite" duration-ms="40008" started-at="2020-01-28T22:25:38 CET" finished-at="2020-01-28T22:26:18 CET">
    <groups>
      <group name="SanityUrgent">
        <method signature="EBayHomePage_Sanity.emptySearchTest()[pri:0, instance:com.qaworld.EBayHomePage_Sanity@614ddd49]" name="emptySearchTest" class="com.qaworld.EBayHomePage_Sanity"/>
      </group> <!-- SanityUrgent -->
    </groups>
    <test name="Default test" duration-ms="40008" started-at="2020-01-28T22:25:38 CET" finished-at="2020-01-28T22:26:18 CET">
      <class name="com.qaworld.EBayHomePage_Sanity">
        <test-method status="PASS" signature="start()[pri:0, instance:com.qaworld.EBayHomePage_Sanity@614ddd49]" name="start" is-config="true" duration-ms="23" started-at="2020-01-28T22:25:38 CET" finished-at="2020-01-28T22:25:38 CET">
          <reporter-output>
          </reporter-output>
        </test-method> <!-- start -->
        <test-method status="PASS" signature="setUp(java.lang.String)[pri:0, instance:com.qaworld.EBayHomePage_Sanity@614ddd49]" name="setUp" is-config="true" duration-ms="18499" started-at="2020-01-28T22:25:38 CET" finished-at="2020-01-28T22:25:57 CET">
          <params>
            <param index="0">
              <value>
                <![CDATA[Chrome]]>
              </value>
            </param>
          </params>
          <reporter-output>
          </reporter-output>
        </test-method> <!-- setUp -->
        <test-method status="PASS" signature="emptySearchTest()[pri:0, instance:com.qaworld.EBayHomePage_Sanity@614ddd49]" name="emptySearchTest" duration-ms="19910" started-at="2020-01-28T22:25:57 CET" finished-at="2020-01-28T22:26:16 CET">
          <reporter-output>
          </reporter-output>
        </test-method> <!-- emptySearchTest -->
        <test-method status="PASS" signature="tearDown()[pri:0, instance:com.qaworld.EBayHomePage_Sanity@614ddd49]" name="tearDown" is-config="true" duration-ms="1469" started-at="2020-01-28T22:26:16 CET" finished-at="2020-01-28T22:26:18 CET">
          <reporter-output>
          </reporter-output>
        </test-method> <!-- tearDown -->
        <test-method status="PASS" signature="end()[pri:0, instance:com.qaworld.EBayHomePage_Sanity@614ddd49]" name="end" is-config="true" duration-ms="0" started-at="2020-01-28T22:26:18 CET" finished-at="2020-01-28T22:26:18 CET">
          <reporter-output>
          </reporter-output>
        </test-method> <!-- end -->
      </class> <!-- com.qaworld.EBayHomePage_Sanity -->
    </test> <!-- Default test -->
  </suite> <!-- Default suite -->
</testng-results>
